<?xml version="1.0" encoding="UTF-8"?>
<!-- Generated by org.testng.reporters.JUnitReportReporter -->
<testsuite hostname="Lenovo-PC" name="TestCases.Validatebook" tests="1" failures="0" timestamp="15 May 2021 21:59:25 GMT" time="20.117" errors="0">
  <testcase name="validateBookInfo" time="20.117" classname="TestCases.Validatebook"/>
</testsuite> <!-- TestCases.Validatebook -->
